158143

0 \000\001\002\003\004\005\006\007\177\b\v\016\017\020\021\022\023\024\025\026\027\030\031\032\033\034\035\036\037
1538 ({[<
3284 Pp
667 Xx
1509 >)}]
293 Qq
1836 Yy
2426 @*+|~^=#$%&
7301 Rr
138 Zz
7217 Ss
2980 .,:;?!
10913 Tt
666 _-
3594 Uu
891 Vv
214 \\/
1467 Ww
1052 0123456789
34092 \t\n\p\r 
266 '`"
8090 Aa
1877 Bb
3797 Cc
4324 Dd
15271 Ee
2624 Ff
2047 Gg
4466 Hh
8322 Ii
187 Jj
435 Kk
4437 Ll
3397 Mm
8366 Nn
8159 Oo
***
1848 \tI
900 ED
184 D.
327 \t0
478 H\t
850 ME
1246 TI
781 RO
13 SL
38 YS
45 'S
137 AP
20 >@
6 UF
108 @S
166 (P
245 PU
20 .>
43 HT
23 FA
5 T0
8 F(
3 _Z
20 G>
3 OX
9 \\J
17 DG
1 _A
1 .W
12 >'
1 BM
3 IQ
2 NB
1 >Y
3 _(
1 W@
510 VE
1012 AR
129 BO
908 IS
321 DI
187 CL
50 \tK
1171 ND
2 _\\
247 EF
22 E_
39 OA
76 M.
1 G'
138 @U
73 (R
10 .'
26 P>
82 .@
4 O(
19 GY
16 _C
11 Q\t
6 SN
2 D0
8 XX
4 \\L
7 G@
1 ZR
469 LL
676 A\t
291 OC
1330 AT
590 \tM
135 FE
282 SP
437 RS
7 \\N
22 M0
18 @>
86 (\t
152 XA
41 NF
245 MI
14 .B
10 TM
36 Y>
57 X(
5 'W
2 P'
61 P@
22 N_
20 _E
6 EH
15 '>
41 (T
30 PY
5 V.
9 YW
7 @W
8 Z\t
3 >D
1418 \tO
805 TO
47 RU
70 OE
673 HA
130 AV
165 VI
350 UL
203 @@
139 0>
41 @'
200 BS
34 XC
4 Y'
16 >F
11 '@
17 Y@
39 I>
16 F.
2 .D
24 H(
49 (V
17 J\t
10 W_
16 DM
23 _G
2 FG
1 @Y
2 YY
1 _.
2 NH
26 V0
18 \\P
1006 ST
2278 S\t
595 FI
65 BU
335 DO
224 EL
34 LP
222 UN
27 KS
33 _0
21 XE
138 CR
328 WH
198 MM
77 R>
13 _I
41 O.
25 0'
186 OG
23 AX
175 @B
3 .F
11 RW
1 PD
135 \tQ
6 G_
16 (X
30 0@
10 I@
27 Q(
2 YB
1 GF
1 'B
3 I'
11 \\R
177 RY
1456 \tS
1612 EN
321 TS
2344 HE
572 CT
245 MO
76 UP
114 IB
11 R'
2 ZA
24 ((
72 NL
55 (A
31 @D
69 C\t
76 GH
50 OI
10 LR
5 P_
16 X.
7 A(
1 'D
3 PF
1 B>
2 FK
14 \\T
8 R@
540 L\t
173 TU
300 \tU
482 AC
312 EP
502 UR
46 XI
44 (C
141 BY
28 VO
59 OK
17 YF
33 NN
16 WL
117 DS
161 ID
41 H.
102 PH
10 JA
78 LT
2 _M
14 >L
4 'F
25 CV
20 @F
30 RB
9 K>
9 Y_
3 .J
7 X0
1 KW
3 @_
2 \\V
1624 ER
562 UT
401 IF
256 U\t
954 \tW
430 HI
530 FO
439 OM
117 ZE
107 SA
27 GL
85 (E
34 @H
85 \t>
247 DU
133 NP
130 T>
124 RD
78 TW
17 WN
11 LV
71 MS
83 S(
7 Q.
15 >N
9 _O
4 0_
10 .L
1 K'
4 JC
2 I_
1 KY
1 'H
429 \tY
4322 E\t
157 AG
469 ET
449 CA
140 MU
172 TY
447 PL
127 SC
31 D>
1380 \t@
97 T@
223 GN
61 \t'
32 (.
3 'J
30 RF
3 R_
5 .N
3 NR
55 JE
114 OO
18 WP
16 T'
26 C(
18 A.
23 (G
2 IH
1 HK
2 _Q
12 \\A
3 \\Z
1 Z.
2 BD
1 >P
142 EV
1021 SE
1214 NT
756 \tB
1723 N\t
6 BF
236 LA
126 AI
71 CC
102 (I
10 .P
34 @L
62 (0
54 WR
6 D'
61 UX
15 D@
43 M>
17 DY
1 'L
15 YL
2 A0
6 RH
1 KD
12 _S
1 B_
15 HM
15 L(
5 TB
4 \\C
2 ZI
2 FS
1 J.
3 >R
4 IJ
447 IL
263 HO
742 \tD
415 S.
466 EX
507 CE
9 \\E
1059 >\t
146 W\t
146 OS
65 NV
100 AK
314 GR
3 M'
70 PP
99 UA
59 FU
7 >T
5 BH
15 LC
43 M@
20 @N
48 YN
5 'N
1 _U
4 (K
5 MY
2 U(
4 J0
3 .R
593 EA
878 OU
679 SI
2478 IN
511 G\t
2564 .\t
784 PR
1219 LE
835 \tF
83 YP
553 AM
110 UC
123 E(
53 \t_
133 MB
10 'P
25 GT
87 DD
18 C.
29 RL
14 _>
38 BJ
40 (M
39 @P
3 F>
4 TF
44 T_
10 .T
2 _W
8 S0
2 \\.
4 \\G
22 SK
2853 TH
232 CI
372 \tH
141 P\t
109 PT
549 EC
123 RN
256 OW
38 _@
300 BL
280 NA
199 N(
285 UE
53 D_
57 L.
50 IP
48 FY
5 F@
6 HS
21 (O
9 'R
4 @R
5 O>
15 LG
1 MD
1 0P
25 \\0
1 F'
6 \\I
852 Y\t
592 LI
88 \tJ
196 IR
245 EE
54 CK
6 _B
32 UG
226 NC
11 M_
802 @\t
13 U.
42 '\t
92 WA
5 RP
8 O@
12 DH
3 YT
14 HU
5 SM
149 @T
14 JO
18 W(
10 (Q
27 X>
27 'T
4 \\K
6 .X
1 KL
9 >A
1 O'
16 >(
440 AS
641 IT
189 SO
637 \tL
200 RR
105 TL
226 0\t
448 E.
690 NE
168 OB
75 (S
11 >C
234 QU
67 UI
41 GA
242 EG
15 H>
6 DJ
52 I\t
18 G(
11 X@
3 _D
1 MH
2 @V
1 CM
15 KN
2 .A
11 0T
3 LK
2 'V
4 \\M
1 .Z
1 BP
1 ZS
1106 R\t
713 NG
155 FF
196 RT
187 N.
674 \tN
23 DL
143 IV
431 OD
49 EI
361 PA
681 CO
114 BR
61 AU
29 .C
230 WE
261 __
6 HY
12 P(
4 Q>
4 LM
33 _F
24 H@
7 (U
7 TN
33 E0
3 >E
1 @X
1 F_
1 H'
2 .\\
15 SQ
5 \\O
4 GC
708 OF
300 GE
982 \tP
279 UM
64 JU
38 .E
108 NI
296 SS
243 LO
29 IX
152 >.
101 TP
14 B\t
22 RV
3 'A
20 @A
23 Y(
7 @(
29 O_
16 W.
6 BT
12 EK
18 DN
7 >G
132 (>
2 _H
6 (W
1 CQ
2 HB
4 AW
18 YZ
9 A>
5 Z>
1 0X
2 \\Q
129 K\t
495 EM
29 CS
210 IA
315 WI
661 \tR
267 SU
66 NK
83 IZ
204 AY
412 TR
86 G.
431 PE
16 .G
66 ..
39 @C
2 (Y
66 I(
6 'C
32 0(
148 (@
6 >0
181 @\\
6 \\S
12 J>
6 GG
5 BV
8 UO
2 OH
7 MN
1 A'
1 KT
4 YC
12 >I
4 0A
1 XF
3 '\\
1 ZY
37 YE
838 RA
323 AB
1904 T\t
3762 \tT
10293 \t\t
516 IC
34 .0
198 CU
420 MP
66 TT
18 NM
73 S>
23 .I
6 'E
230 GI
135 @E
109 LS
52 P.
19 FL
38 R(
20 (B
49 H_
25 DR
11 SW
18 OJ
5 EO
4 _L
1 WK
25 0\\
4 VN
3 J@
1 J'
1 \\U
493 US
312 AD
1580 D\t
569 NO
169 LU
79 BA
156 Y.
38 RC
62 PI
237 OL
10 @.
9 S'
7 S@
65 (D
47 '.
101 EQ
177 IE
56 DT
40 _N
58 B(
149 \tV
61 SY
6 @G
28 P0
10 Q_
5 C>
1 \\>
12 >M
1 R\\
1 MR
1 \\W
188 0.
1901 RE
186 WO
1484 ON
1327 ES
369 M\t
4 KA
32 AF
5 DV
69 @0
324 IG
26 I.
95 @I
37 YI
5 >O
22 CY
51 \tX
26 (F
2 '0
30 _P
20 L>
7 LW
17 NQ
5 'I
11 (_
5 XL
2 C'
6 C@
8 .M
1 GM
36 \\@
1 \\Y
2366 \tA
458 NS
351 00
571 TA
339 LY
118 FR
188 OP
351 \t(
646 BE
156 R.
85 RG
180 T(
5 V\t
13 U>
104 EU
30 \tZ
50 GO
25 VT
6 I0
5 HL
9 L@
3 (H
4 XN
2 JF
2 L'
3 II
18 SD
4 PM
15 0I
2 >Q
2 \\B
830 F\t
1002 OR
524 RI
1161 \tC
166 KE
16 TC
22 IK
52 S_
72 FT
299 E>
288 PO
29 LB
35 B.
3 U@
32 @M
127 DA
138 NU
44 _\t
110 EW
13 (J
113 D(
12 SF
13 WS
117 XP
35 _T
60 YM
4 HN
5 AJ
5 .Q
3 'M
13 >S
5 U'
2 \\D
2 CD
716 AL
794 \tE
509 MA
1311 TE
366 YO
879 O\t
35 RK
155 SH
302 OT
88 UB
30 K.
30 BI
2 C_
203 LD
120 E@
9 'O
53 EY
69 N>
345 IM
15 E'
37 GS
26 (L
2 @O
11 _V
12 .S
2 \\_
2 NW
4 M(
13 \\F
62 UD
911 DE
861 IO
189 \tG
1231 AN
500 CH
20 PS
281 T.
1 L_
123 VA
81 XT
262 RM
100 \t.
2 _X
80 X\t
128 OV
104 NY
49 KI
44 GU
6 W>
7 EB
28 HR
71 (N
108 >>
4 \\H
32 N'
8 LF
10 N@
2 >W
***
-2.0964
0.513225
0.716397

