211123

45 \000
0 \001
0 \002
0 \003
0 \004
0 \005
0 \006
0 \007
0 \b
826 \t
5539 \n
0 \013
0 \p
0 \r
0 \016
0 \017
0 \020
0 \021
0 \022
0 \023
0 \024
0 \025
0 \026
0 \027
0 \030
0 \031
0 \032
0 \033
0 \034
0 \035
0 \036
0 \037
36061  
7 !
502 "
46 #
268 $
773 %
31 &
102 '
1378 (
1378 )
106 *
65 +
1585 ,
519 -
1980 .
61 /
267 0
551 1
278 2
120 3
136 4
140 5
96 6
65 7
84 8
96 9
594 :
61 ;
211 <
464 =
204 >
38 ?
1785 @
422 A
157 B
222 C
296 D
532 E
190 F
51 G
133 H
406 I
31 J
92 K
228 L
202 M
280 N
178 O
308 P
9 Q
174 R
417 S
896 T
142 U
37 V
143 W
41 X
91 Y
2 Z
738 [
267 \\
738 ]
23 ^
315 _
1 `
10370 a
2389 b
4918 c
5538 d
19962 e
3405 f
2781 g
5595 h
10833 i
214 j
496 k
5735 l
4371 m
10902 n
10866 o
4123 p
419 q
9791 r
9291 s
13582 t
4777 u
1195 v
1768 w
824 x
2453 y
189 z
26 {
39 |
26 }
21 ~
0 \177

