62721

1377	   
1098	 th
607	the
300 The
699	he 
473	.  
357	to 
344	 to
338	 of
332	of 
338	ing
307	 an
305	is 
299	ed 
288	  t
257	and
247	ng 
222	 a 
211	 in
210	 is
204	er 
204	re 
191	es 
186	ion
178	at 
173	 be
169	s. 
168	tio
157	 wh
155	ent
153	hat
150	con
144	 re
143	se 
138	or 
137	as 
132	en 
131	on 
128	tha
128	in 
126	ly 
124	thi
119	for
119	 pr
117	ate
117	her
117	 ar
117	are
115	ch 
115	\n\n@
114	 so
115	 fo
113	pro
112	lay
112	all
111	 wi
109	ati
109	le 
108	al 
108	 ha
107	ver
105	 we
104	 la
104	age
102	an 
102	his
101	ere

